ERROR: Unable to locate a modulefile for 'anaco'
pyscf plugins found in 
/project/lgagliardi/shared/Apps/pyscf
When PYTHONPATH is set, it is recommended to load these plugins through the environment variable PYSCF_EXT_PATH
lasucc_vqe.py:25: NatureDeprecationWarning: The qiskit_nature.converters package is deprecated as of version 0.5.0 and will be removed no sooner than 3 months after the release. Instead use the qiskit_nature.second_q.mappers package.
  from custom_UCC import custom_UCC

Bad key text.latex.preview in file /software/python-anaconda-2020.11-el8-x86_64/lib/python3.8/site-packages/matplotlib/mpl-data/stylelib/_classic_test.mplstyle, line 123 ('text.latex.preview : False')
You probably need to get an updated matplotlibrc file from
https://github.com/matplotlib/matplotlib/blob/v3.7.1/matplotlibrc.template
or from the matplotlib source distribution

Bad key mathtext.fallback_to_cm in file /software/python-anaconda-2020.11-el8-x86_64/lib/python3.8/site-packages/matplotlib/mpl-data/stylelib/_classic_test.mplstyle, line 155 ('mathtext.fallback_to_cm : True  # When True, use symbols from the Computer Modern')
You probably need to get an updated matplotlibrc file from
https://github.com/matplotlib/matplotlib/blob/v3.7.1/matplotlibrc.template
or from the matplotlib source distribution

Bad key savefig.jpeg_quality in file /software/python-anaconda-2020.11-el8-x86_64/lib/python3.8/site-packages/matplotlib/mpl-data/stylelib/_classic_test.mplstyle, line 418 ('savefig.jpeg_quality: 95       # when a jpeg is saved, the default quality parameter.')
You probably need to get an updated matplotlibrc file from
https://github.com/matplotlib/matplotlib/blob/v3.7.1/matplotlibrc.template
or from the matplotlib source distribution

Bad key keymap.all_axes in file /software/python-anaconda-2020.11-el8-x86_64/lib/python3.8/site-packages/matplotlib/mpl-data/stylelib/_classic_test.mplstyle, line 466 ('keymap.all_axes : a                 # enable all axes')
You probably need to get an updated matplotlibrc file from
https://github.com/matplotlib/matplotlib/blob/v3.7.1/matplotlibrc.template
or from the matplotlib source distribution

Bad key animation.avconv_path in file /software/python-anaconda-2020.11-el8-x86_64/lib/python3.8/site-packages/matplotlib/mpl-data/stylelib/_classic_test.mplstyle, line 477 ('animation.avconv_path: avconv     # Path to avconv binary. Without full path')
You probably need to get an updated matplotlibrc file from
https://github.com/matplotlib/matplotlib/blob/v3.7.1/matplotlibrc.template
or from the matplotlib source distribution

Bad key animation.avconv_args in file /software/python-anaconda-2020.11-el8-x86_64/lib/python3.8/site-packages/matplotlib/mpl-data/stylelib/_classic_test.mplstyle, line 479 ('animation.avconv_args:            # Additional arguments to pass to avconv')
You probably need to get an updated matplotlibrc file from
https://github.com/matplotlib/matplotlib/blob/v3.7.1/matplotlibrc.template
or from the matplotlib source distribution
DEBUG:h5py._conv:Creating converter from 5 to 3
INFO:qiskit.compiler.assembler:Total Assembly Time - 0.15783 (ms)
INFO:qiskit.compiler.assembler:Total Assembly Time - 0.05150 (ms)
INFO:qiskit.compiler.assembler:Total Assembly Time - 0.04458 (ms)
INFO:qiskit.compiler.assembler:Total Assembly Time - 0.04554 (ms)
INFO:qiskit.compiler.assembler:Total Assembly Time - 0.04840 (ms)
INFO:qiskit.compiler.assembler:Total Assembly Time - 0.04148 (ms)
INFO:qiskit.compiler.assembler:Total Assembly Time - 0.04363 (ms)
INFO:qiskit.compiler.assembler:Total Assembly Time - 0.04148 (ms)
INFO:qiskit.compiler.assembler:Total Assembly Time - 0.04148 (ms)
INFO:qiskit.compiler.assembler:Total Assembly Time - 0.04101 (ms)
INFO:qiskit.compiler.assembler:Total Assembly Time - 0.03982 (ms)
INFO:qiskit.compiler.assembler:Total Assembly Time - 0.04005 (ms)
DEBUG:qiskit.algorithms.eigensolvers.numpy_eigensolver:NumpyEigensolverResult:
{   'aux_operators_evaluated': None,
    'eigenstates': [   Statevector([-9.63816024e-17-2.06692559e-19j,
             -1.18073584e-17+1.13259231e-18j,
             -1.76497331e-18-1.44657989e-17j,
             -1.66219366e-17-1.16968085e-18j,
              1.11482733e-17-6.31040169e-18j,
              2.19691762e-19-3.91331562e-18j,
              4.58175556e-17+7.30098657e-17j,
             -4.82243732e-17+1.17100679e-16j,
             -4.31422638e-17-4.17861511e-18j,
             -2.08139980e-18-3.41981549e-17j,
              1.24172897e-17-7.83444412e-18j,
              2.07136656e-17-4.41227015e-17j,
              1.08932800e-17-1.59417805e-17j,
              2.67179366e-17-1.42694010e-16j,
              4.35821422e-17-7.13237381e-17j,
             -2.37427697e-16+1.72609919e-16j,
             -1.70704748e-17+5.41152532e-18j,
              1.15958277e-16-1.25989388e-17j,
             -4.44848514e-18-6.93885897e-21j,
             -7.19704744e-17+3.82366509e-17j,
             -1.24824138e-17+5.25139306e-18j,
              6.64377175e-16+3.95362053e-16j,
             -5.81491531e-19+6.65322065e-17j,
             -1.05611986e-16+8.55293261e-17j,
              1.83656177e-17+1.97881796e-17j,
              8.63134552e-17+3.08645011e-17j,
             -1.36336815e-18-4.12624537e-17j,
             -2.18585634e-17+2.18967944e-17j,
              1.30489208e-16-1.40026777e-16j,
             -2.39968426e-16+1.93589010e-16j,
             -4.65696546e-16-1.70733798e-16j,
             -8.12329561e-17-7.29582422e-17j,
             -8.85724827e-18-2.44078435e-17j,
              9.63721325e-18+3.57476477e-18j,
             -7.38153514e-18-4.10481139e-18j,
             -2.93113051e-18+6.28831634e-18j,
              7.63342585e-17+2.55836002e-17j,
             -2.05621078e-17-7.17915067e-17j,
             -3.57779691e-17-1.26063948e-16j,
             -7.23973492e-17+3.75246037e-17j,
             -6.64850436e-19-3.95847578e-18j,
              8.24214522e-19-3.42870067e-17j,
             -2.35881445e-17-2.16842001e-17j,
             -8.09821239e-18+2.03199363e-17j,
             -3.63007245e-17-7.21793653e-17j,
              2.63158448e-16+3.06773247e-17j,
              1.09446477e-17-1.07228788e-16j,
              9.14014383e-18+3.84608074e-17j,
             -1.09776141e-17-6.71825710e-18j,
             -3.25853456e-17+6.13833583e-17j,
             -5.98534856e-18-2.14655242e-18j,
              2.28548297e-04-2.79247694e-05j,
              8.18477838e-17-5.74190197e-17j,
             -1.59070262e-04+1.94357186e-05j,
             -5.15692712e-03+6.30090018e-04j,
             -6.33041482e-17-3.05667181e-17j,
             -2.53364934e-17-7.85662645e-17j,
              2.84971482e-03-3.48187364e-04j,
              6.38602331e-04-7.80264962e-05j,
             -1.53151921e-19-1.39471966e-17j,
              4.79698648e-04-5.86111308e-05j,
              2.09422782e-16-9.23693789e-17j,
              3.49903296e-17+2.61456717e-17j,
              1.14873607e-17-3.84077262e-18j,
              1.73967106e-17+5.20227727e-18j,
             -1.29248972e-17+6.17951917e-18j,
              3.09338024e-17+1.39282649e-18j,
             -7.51090873e-17-3.80490380e-18j,
              1.09891123e-16-6.79578925e-19j,
              1.06975646e-15-1.31311637e-16j,
             -3.05064019e-17+9.53201950e-17j,
              4.67297373e-16-6.84634447e-16j,
             -1.13054568e-17+1.07162429e-18j,
              3.80867281e-17+1.55738094e-17j,
             -6.14969786e-17-2.84542620e-17j,
             -5.81530430e-17-3.83469441e-17j,
              2.46770595e-17-4.34927254e-18j,
             -1.17455357e-16+1.73112813e-16j,
              2.88902742e-17+2.24562405e-17j,
             -4.57167123e-17-2.33076728e-16j,
              2.06023392e-18+1.53457785e-17j,
             -2.32993115e-16-6.69272887e-16j,
             -1.11897901e-16+1.69886307e-17j,
             -1.59070262e-04+1.94357186e-05j,
             -3.67573890e-16-2.44151676e-16j,
             -9.60552343e-01+1.17363389e-01j,
             -2.78888269e-05+3.40754698e-06j,
             -4.32126301e-16-5.94817998e-16j,
             -4.67387581e-17-6.72137068e-17j,
             -3.19071433e-05+3.89851786e-06j,
              4.66815797e-03-5.70370623e-04j,
              3.27986172e-18+1.03407099e-16j,
              1.81768557e-04-2.22090696e-05j,
              8.41154285e-17-6.89347753e-17j,
              4.19933396e-17+9.31269356e-17j,
             -2.06361007e-17+3.27154717e-17j,
              1.02807775e-17-2.43358065e-17j,
              8.49261466e-17-6.14843799e-17j,
             -9.53232930e-18+1.42104395e-16j,
             -5.15692712e-03+6.30090018e-04j,
              7.17213724e-18-6.47662624e-17j,
             -2.78888269e-05+3.40754698e-06j,
              1.71559503e-01-2.09616944e-02j,
             -3.95554205e-17-1.44580583e-16j,
              4.02365595e-17+6.72334237e-17j,
              4.18845932e-03-5.11759493e-04j,
             -4.83805956e-05+5.91129749e-06j,
             -4.06143069e-17-6.46904371e-17j,
             -2.94360073e-03+3.59658648e-04j,
             -4.83677608e-17-6.25923490e-17j,
             -6.69031516e-17+1.07683953e-17j,
             -4.40793197e-17-6.08521060e-17j,
              8.15401306e-17+3.98056638e-17j,
              6.31657334e-18-3.71321781e-16j,
              2.66575727e-17-4.14856471e-17j,
              5.96659418e-17+4.17008868e-18j,
             -6.83004984e-17-8.73550528e-16j,
             -5.38721618e-16-1.17487578e-16j,
              4.47308615e-17+6.30089465e-17j,
             -5.15665110e-18-2.77063131e-17j,
             -3.76559470e-17+1.44430631e-16j,
              1.03599489e-17+3.46606356e-17j,
              5.67148221e-17-5.61263017e-17j,
              5.79832123e-18+1.50100286e-17j,
              1.22953766e-16+6.50208285e-17j,
             -4.51523330e-17+1.09857277e-17j,
              5.79926849e-17-8.90159592e-17j,
             -2.59420790e-17-1.51175371e-18j,
              2.95907997e-17-4.47077760e-17j,
              3.06271521e-17-1.10318575e-17j,
             -3.85135283e-18+5.37855499e-18j,
             -5.03077971e-17+1.94705267e-17j,
              1.80407310e-18-2.70542693e-18j,
             -1.73844144e-17+4.46737797e-18j,
             -3.10354775e-17-5.02969447e-17j,
             -8.31688697e-17-1.36989566e-16j,
              3.09276806e-17+2.42956149e-17j,
             -1.05006821e-16-1.97459183e-17j,
              5.17300946e-18-1.84833188e-17j,
             -2.60362939e-17+1.64002539e-16j,
              1.17197140e-17+9.99965841e-18j,
              5.56641279e-17-1.20776799e-17j,
              5.41390412e-18+2.73655815e-17j,
             -4.34167096e-17-4.17417120e-17j,
             -4.71591082e-17+2.31787036e-17j,
             -2.54079515e-17+3.55345487e-17j,
              3.14552428e-17+3.20574162e-17j,
              2.84971482e-03-3.48187364e-04j,
              4.44899964e-17+1.13551260e-16j,
             -3.19071433e-05+3.89851786e-06j,
              4.18845932e-03-5.11759493e-04j,
              1.71398619e-17-5.55593862e-17j,
              1.86997951e-17+1.03662240e-16j,
              1.78771817e-01-2.18429182e-02j,
             -1.04836267e-04+1.28092339e-05j,
              6.13047171e-17+7.48805170e-17j,
              5.04866001e-03-6.16861593e-04j,
              3.10890357e-17+3.93957329e-17j,
             -3.85205782e-17-5.10077923e-17j,
             -6.86410118e-17+3.05035891e-17j,
              1.37144070e-17-6.79554525e-18j,
              4.44889267e-17-2.49841317e-18j,
              5.04075969e-18-2.40294514e-18j,
              6.38602331e-04-7.80264962e-05j,
              2.56257303e-17+3.30184357e-17j,
              4.66815797e-03-5.70370623e-04j,
             -4.83805956e-05+5.91129749e-06j,
              5.44146893e-17+8.34457608e-17j,
              2.25481629e-17+1.20472096e-17j,
             -1.04836267e-04+1.28092339e-05j,
             -3.19307252e-02+3.90139918e-03j,
              6.94731988e-18+2.16389275e-17j,
             -5.01884245e-04+6.13218387e-05j,
             -6.14217460e-17+2.57751146e-17j,
             -1.61129354e-18-5.70240064e-18j,
             -8.00980660e-18-3.40913004e-18j,
             -4.31022382e-17-4.46715012e-17j,
              4.91504960e-17+9.63969547e-18j,
             -9.31009903e-19+6.68909664e-18j,
              1.05794232e-17+8.76715422e-18j,
              6.80772206e-17-1.62823059e-16j,
             -8.32277625e-18-4.50230580e-17j,
             -6.46487593e-17-2.19427616e-17j,
             -8.32250641e-18-1.18599493e-17j,
              6.42745492e-17+1.53402837e-16j,
              1.72784465e-16+1.18870068e-16j,
             -1.48862379e-17-7.71962791e-19j,
             -3.95711922e-17-4.08264674e-17j,
             -2.78157816e-17-4.29454812e-17j,
              4.53406202e-17-8.48380224e-18j,
             -1.54432213e-17-6.09434988e-18j,
             -2.17759628e-17+7.60515332e-17j,
              1.56468161e-17+1.31736302e-17j,
              8.65589891e-17+2.02434277e-16j,
              3.06748327e-17-2.70445763e-17j,
              4.79698648e-04-5.86111308e-05j,
             -1.87603925e-17-6.29548423e-18j,
              1.81768557e-04-2.22090696e-05j,
             -2.94360073e-03+3.59658648e-04j,
              1.32910959e-16+2.05850109e-16j,
             -1.53160811e-17-1.42425169e-17j,
              5.04866001e-03-6.16861593e-04j,
             -5.01884245e-04+6.13218387e-05j,
              8.15365415e-18-6.26465149e-17j,
              2.47686439e-04-3.02631294e-05j,
              1.48996665e-17+6.03000626e-17j,
             -4.84675280e-18-5.07188273e-19j,
             -1.93609267e-17+2.01325573e-17j,
              2.58970797e-17-1.88187297e-16j,
             -4.50584356e-16+7.46144160e-16j,
             -8.61672733e-17+1.99714872e-16j,
              5.02952871e-17-2.11374708e-16j,
             -2.74302467e-17+1.57832190e-17j,
              5.58390140e-16-4.96443201e-16j,
             -1.53403502e-16+7.32614833e-17j,
             -2.37172961e-17-5.18947107e-17j,
             -4.94992232e-17-3.13200535e-18j,
             -3.80549700e-17+7.40306169e-17j,
              2.25252704e-17+1.37868968e-17j,
              7.33466884e-17+7.21527977e-17j,
             -6.75711919e-17-3.46054958e-17j,
              6.20953597e-19-7.69166948e-17j,
             -3.17628871e-18+1.81835747e-17j,
             -6.50820450e-18-2.55566847e-18j,
              5.47967974e-17+5.66007744e-17j,
             -5.72626422e-17-1.95490684e-16j,
              7.41801016e-17-1.54684216e-16j,
             -2.38308014e-17-3.83282895e-17j,
             -5.33036937e-17+1.42152630e-17j,
              1.24016366e-16-4.52965920e-17j,
             -1.99690303e-16+1.31093783e-16j,
              9.91492072e-17-5.91379157e-17j,
             -2.39522967e-17-3.78647469e-17j,
              6.66540860e-17-9.55391250e-18j,
              7.24298097e-18-2.33019054e-17j,
             -1.07046042e-17-2.25450681e-18j,
              1.69620301e-17-5.85078552e-18j,
             -1.51009095e-17-1.22126827e-18j,
             -3.81367716e-17+7.13322038e-17j,
              4.54655059e-17-4.83681198e-17j,
              2.95721000e-16-3.61059212e-17j,
              1.83039193e-16-1.22681084e-16j,
              2.06938017e-18-4.78474510e-17j,
              8.46306041e-18-2.00241826e-18j,
              1.29610276e-17-7.63530239e-17j,
             -2.68696345e-17+3.98374826e-17j,
              6.64449552e-17+4.25633341e-17j,
              1.02983498e-17+1.38679773e-17j,
              5.50989784e-17+3.52599684e-17j,
             -2.67627652e-17-6.63822411e-17j,
              1.55183231e-18-2.43645257e-18j,
              2.36972133e-17-5.86879503e-18j,
             -1.79717599e-17-7.32437743e-18j,
              1.83751957e-17-4.23683164e-19j,
              2.76109067e-17-2.24713002e-17j,
              4.38718993e-17+5.05571086e-17j],
            dims=(2, 2, 2, 2, 2, 2, 2, 2))],
    'eigenvalues': array([-4.06909875])}
DEBUG:qiskit.algorithms.minimum_eigensolvers.numpy_minimum_eigensolver:NumPy minimum eigensolver result: {   'aux_operators_evaluated': None,
    'eigenstate': Statevector([-9.63816024e-17-2.06692559e-19j,
             -1.18073584e-17+1.13259231e-18j,
             -1.76497331e-18-1.44657989e-17j,
             -1.66219366e-17-1.16968085e-18j,
              1.11482733e-17-6.31040169e-18j,
              2.19691762e-19-3.91331562e-18j,
              4.58175556e-17+7.30098657e-17j,
             -4.82243732e-17+1.17100679e-16j,
             -4.31422638e-17-4.17861511e-18j,
             -2.08139980e-18-3.41981549e-17j,
              1.24172897e-17-7.83444412e-18j,
              2.07136656e-17-4.41227015e-17j,
              1.08932800e-17-1.59417805e-17j,
              2.67179366e-17-1.42694010e-16j,
              4.35821422e-17-7.13237381e-17j,
             -2.37427697e-16+1.72609919e-16j,
             -1.70704748e-17+5.41152532e-18j,
              1.15958277e-16-1.25989388e-17j,
             -4.44848514e-18-6.93885897e-21j,
             -7.19704744e-17+3.82366509e-17j,
             -1.24824138e-17+5.25139306e-18j,
              6.64377175e-16+3.95362053e-16j,
             -5.81491531e-19+6.65322065e-17j,
             -1.05611986e-16+8.55293261e-17j,
              1.83656177e-17+1.97881796e-17j,
              8.63134552e-17+3.08645011e-17j,
             -1.36336815e-18-4.12624537e-17j,
             -2.18585634e-17+2.18967944e-17j,
              1.30489208e-16-1.40026777e-16j,
             -2.39968426e-16+1.93589010e-16j,
             -4.65696546e-16-1.70733798e-16j,
             -8.12329561e-17-7.29582422e-17j,
             -8.85724827e-18-2.44078435e-17j,
              9.63721325e-18+3.57476477e-18j,
             -7.38153514e-18-4.10481139e-18j,
             -2.93113051e-18+6.28831634e-18j,
              7.63342585e-17+2.55836002e-17j,
             -2.05621078e-17-7.17915067e-17j,
             -3.57779691e-17-1.26063948e-16j,
             -7.23973492e-17+3.75246037e-17j,
             -6.64850436e-19-3.95847578e-18j,
              8.24214522e-19-3.42870067e-17j,
             -2.35881445e-17-2.16842001e-17j,
             -8.09821239e-18+2.03199363e-17j,
             -3.63007245e-17-7.21793653e-17j,
              2.63158448e-16+3.06773247e-17j,
              1.09446477e-17-1.07228788e-16j,
              9.14014383e-18+3.84608074e-17j,
             -1.09776141e-17-6.71825710e-18j,
             -3.25853456e-17+6.13833583e-17j,
             -5.98534856e-18-2.14655242e-18j,
              2.28548297e-04-2.79247694e-05j,
              8.18477838e-17-5.74190197e-17j,
             -1.59070262e-04+1.94357186e-05j,
             -5.15692712e-03+6.30090018e-04j,
             -6.33041482e-17-3.05667181e-17j,
             -2.53364934e-17-7.85662645e-17j,
              2.84971482e-03-3.48187364e-04j,
              6.38602331e-04-7.80264962e-05j,
             -1.53151921e-19-1.39471966e-17j,
              4.79698648e-04-5.86111308e-05j,
              2.09422782e-16-9.23693789e-17j,
              3.49903296e-17+2.61456717e-17j,
              1.14873607e-17-3.84077262e-18j,
              1.73967106e-17+5.20227727e-18j,
             -1.29248972e-17+6.17951917e-18j,
              3.09338024e-17+1.39282649e-18j,
             -7.51090873e-17-3.80490380e-18j,
              1.09891123e-16-6.79578925e-19j,
              1.06975646e-15-1.31311637e-16j,
             -3.05064019e-17+9.53201950e-17j,
              4.67297373e-16-6.84634447e-16j,
             -1.13054568e-17+1.07162429e-18j,
              3.80867281e-17+1.55738094e-17j,
             -6.14969786e-17-2.84542620e-17j,
             -5.81530430e-17-3.83469441e-17j,
              2.46770595e-17-4.34927254e-18j,
             -1.17455357e-16+1.73112813e-16j,
              2.88902742e-17+2.24562405e-17j,
             -4.57167123e-17-2.33076728e-16j,
              2.06023392e-18+1.53457785e-17j,
             -2.32993115e-16-6.69272887e-16j,
             -1.11897901e-16+1.69886307e-17j,
             -1.59070262e-04+1.94357186e-05j,
             -3.67573890e-16-2.44151676e-16j,
             -9.60552343e-01+1.17363389e-01j,
             -2.78888269e-05+3.40754698e-06j,
             -4.32126301e-16-5.94817998e-16j,
             -4.67387581e-17-6.72137068e-17j,
             -3.19071433e-05+3.89851786e-06j,
              4.66815797e-03-5.70370623e-04j,
              3.27986172e-18+1.03407099e-16j,
              1.81768557e-04-2.22090696e-05j,
              8.41154285e-17-6.89347753e-17j,
              4.19933396e-17+9.31269356e-17j,
             -2.06361007e-17+3.27154717e-17j,
              1.02807775e-17-2.43358065e-17j,
              8.49261466e-17-6.14843799e-17j,
             -9.53232930e-18+1.42104395e-16j,
             -5.15692712e-03+6.30090018e-04j,
              7.17213724e-18-6.47662624e-17j,
             -2.78888269e-05+3.40754698e-06j,
              1.71559503e-01-2.09616944e-02j,
             -3.95554205e-17-1.44580583e-16j,
              4.02365595e-17+6.72334237e-17j,
              4.18845932e-03-5.11759493e-04j,
             -4.83805956e-05+5.91129749e-06j,
             -4.06143069e-17-6.46904371e-17j,
             -2.94360073e-03+3.59658648e-04j,
             -4.83677608e-17-6.25923490e-17j,
             -6.69031516e-17+1.07683953e-17j,
             -4.40793197e-17-6.08521060e-17j,
              8.15401306e-17+3.98056638e-17j,
              6.31657334e-18-3.71321781e-16j,
              2.66575727e-17-4.14856471e-17j,
              5.96659418e-17+4.17008868e-18j,
             -6.83004984e-17-8.73550528e-16j,
             -5.38721618e-16-1.17487578e-16j,
              4.47308615e-17+6.30089465e-17j,
             -5.15665110e-18-2.77063131e-17j,
             -3.76559470e-17+1.44430631e-16j,
              1.03599489e-17+3.46606356e-17j,
              5.67148221e-17-5.61263017e-17j,
              5.79832123e-18+1.50100286e-17j,
              1.22953766e-16+6.50208285e-17j,
             -4.51523330e-17+1.09857277e-17j,
              5.79926849e-17-8.90159592e-17j,
             -2.59420790e-17-1.51175371e-18j,
              2.95907997e-17-4.47077760e-17j,
              3.06271521e-17-1.10318575e-17j,
             -3.85135283e-18+5.37855499e-18j,
             -5.03077971e-17+1.94705267e-17j,
              1.80407310e-18-2.70542693e-18j,
             -1.73844144e-17+4.46737797e-18j,
             -3.10354775e-17-5.02969447e-17j,
             -8.31688697e-17-1.36989566e-16j,
              3.09276806e-17+2.42956149e-17j,
             -1.05006821e-16-1.97459183e-17j,
              5.17300946e-18-1.84833188e-17j,
             -2.60362939e-17+1.64002539e-16j,
              1.17197140e-17+9.99965841e-18j,
              5.56641279e-17-1.20776799e-17j,
              5.41390412e-18+2.73655815e-17j,
             -4.34167096e-17-4.17417120e-17j,
             -4.71591082e-17+2.31787036e-17j,
             -2.54079515e-17+3.55345487e-17j,
              3.14552428e-17+3.20574162e-17j,
              2.84971482e-03-3.48187364e-04j,
              4.44899964e-17+1.13551260e-16j,
             -3.19071433e-05+3.89851786e-06j,
              4.18845932e-03-5.11759493e-04j,
              1.71398619e-17-5.55593862e-17j,
              1.86997951e-17+1.03662240e-16j,
              1.78771817e-01-2.18429182e-02j,
             -1.04836267e-04+1.28092339e-05j,
              6.13047171e-17+7.48805170e-17j,
              5.04866001e-03-6.16861593e-04j,
              3.10890357e-17+3.93957329e-17j,
             -3.85205782e-17-5.10077923e-17j,
             -6.86410118e-17+3.05035891e-17j,
              1.37144070e-17-6.79554525e-18j,
              4.44889267e-17-2.49841317e-18j,
              5.04075969e-18-2.40294514e-18j,
              6.38602331e-04-7.80264962e-05j,
              2.56257303e-17+3.30184357e-17j,
              4.66815797e-03-5.70370623e-04j,
             -4.83805956e-05+5.91129749e-06j,
              5.44146893e-17+8.34457608e-17j,
              2.25481629e-17+1.20472096e-17j,
             -1.04836267e-04+1.28092339e-05j,
             -3.19307252e-02+3.90139918e-03j,
              6.94731988e-18+2.16389275e-17j,
             -5.01884245e-04+6.13218387e-05j,
             -6.14217460e-17+2.57751146e-17j,
             -1.61129354e-18-5.70240064e-18j,
             -8.00980660e-18-3.40913004e-18j,
             -4.31022382e-17-4.46715012e-17j,
              4.91504960e-17+9.63969547e-18j,
             -9.31009903e-19+6.68909664e-18j,
              1.05794232e-17+8.76715422e-18j,
              6.80772206e-17-1.62823059e-16j,
             -8.32277625e-18-4.50230580e-17j,
             -6.46487593e-17-2.19427616e-17j,
             -8.32250641e-18-1.18599493e-17j,
              6.42745492e-17+1.53402837e-16j,
              1.72784465e-16+1.18870068e-16j,
             -1.48862379e-17-7.71962791e-19j,
             -3.95711922e-17-4.08264674e-17j,
             -2.78157816e-17-4.29454812e-17j,
              4.53406202e-17-8.48380224e-18j,
             -1.54432213e-17-6.09434988e-18j,
             -2.17759628e-17+7.60515332e-17j,
              1.56468161e-17+1.31736302e-17j,
              8.65589891e-17+2.02434277e-16j,
              3.06748327e-17-2.70445763e-17j,
              4.79698648e-04-5.86111308e-05j,
             -1.87603925e-17-6.29548423e-18j,
              1.81768557e-04-2.22090696e-05j,
             -2.94360073e-03+3.59658648e-04j,
              1.32910959e-16+2.05850109e-16j,
             -1.53160811e-17-1.42425169e-17j,
              5.04866001e-03-6.16861593e-04j,
             -5.01884245e-04+6.13218387e-05j,
              8.15365415e-18-6.26465149e-17j,
              2.47686439e-04-3.02631294e-05j,
              1.48996665e-17+6.03000626e-17j,
             -4.84675280e-18-5.07188273e-19j,
             -1.93609267e-17+2.01325573e-17j,
              2.58970797e-17-1.88187297e-16j,
             -4.50584356e-16+7.46144160e-16j,
             -8.61672733e-17+1.99714872e-16j,
              5.02952871e-17-2.11374708e-16j,
             -2.74302467e-17+1.57832190e-17j,
              5.58390140e-16-4.96443201e-16j,
             -1.53403502e-16+7.32614833e-17j,
             -2.37172961e-17-5.18947107e-17j,
             -4.94992232e-17-3.13200535e-18j,
             -3.80549700e-17+7.40306169e-17j,
              2.25252704e-17+1.37868968e-17j,
              7.33466884e-17+7.21527977e-17j,
             -6.75711919e-17-3.46054958e-17j,
              6.20953597e-19-7.69166948e-17j,
             -3.17628871e-18+1.81835747e-17j,
             -6.50820450e-18-2.55566847e-18j,
              5.47967974e-17+5.66007744e-17j,
             -5.72626422e-17-1.95490684e-16j,
              7.41801016e-17-1.54684216e-16j,
             -2.38308014e-17-3.83282895e-17j,
             -5.33036937e-17+1.42152630e-17j,
              1.24016366e-16-4.52965920e-17j,
             -1.99690303e-16+1.31093783e-16j,
              9.91492072e-17-5.91379157e-17j,
             -2.39522967e-17-3.78647469e-17j,
              6.66540860e-17-9.55391250e-18j,
              7.24298097e-18-2.33019054e-17j,
             -1.07046042e-17-2.25450681e-18j,
              1.69620301e-17-5.85078552e-18j,
             -1.51009095e-17-1.22126827e-18j,
             -3.81367716e-17+7.13322038e-17j,
              4.54655059e-17-4.83681198e-17j,
              2.95721000e-16-3.61059212e-17j,
              1.83039193e-16-1.22681084e-16j,
              2.06938017e-18-4.78474510e-17j,
              8.46306041e-18-2.00241826e-18j,
              1.29610276e-17-7.63530239e-17j,
             -2.68696345e-17+3.98374826e-17j,
              6.64449552e-17+4.25633341e-17j,
              1.02983498e-17+1.38679773e-17j,
              5.50989784e-17+3.52599684e-17j,
             -2.67627652e-17-6.63822411e-17j,
              1.55183231e-18-2.43645257e-18j,
              2.36972133e-17-5.86879503e-18j,
             -1.79717599e-17-7.32437743e-18j,
              1.83751957e-17-4.23683164e-19j,
              2.76109067e-17-2.24713002e-17j,
              4.38718993e-17+5.05571086e-17j],
            dims=(2, 2, 2, 2, 2, 2, 2, 2)),
    'eigenvalue': -4.069098750654101}
DEBUG:custom_UCC:Gathering excitation generators...
DEBUG:custom_UCC:Generating excitation list...
DEBUG:custom_UCC:Checking excitation list...
DEBUG:custom_UCC:Converting excitations into SecondQuantizedOps...
DEBUG:custom_UCC:Converting SecondQuantizedOps into PauliSumOps...
INFO:qiskit.algorithms.minimum_eigensolvers.vqe:Optimization complete in 13539.789204597473 seconds.
Found optimal point [-9.41296055e-07  4.87246593e-06  4.91064883e-06 -1.81756493e-05
 -1.81681339e-06  6.12289049e-06  8.91470261e-06 -9.02693984e-06
  3.95369139e-06  2.39778112e-06  5.00202439e-06  4.10183537e-06
  5.35622059e-06 -1.30655507e-05  1.11410253e-05 -9.45320052e-06
  6.46198999e-06  1.02248037e-05  1.00001018e+00 -2.27816845e-04
  8.99760340e-08  9.99999975e-01  3.10698675e-07  5.62481023e-08
  9.99999899e-01  1.40669339e-07  1.90408288e-07  8.91418853e-08
  1.23920693e-07  2.00889502e-07  2.03453769e-07  9.99999704e-01
  2.14462465e-07  2.37798493e-07  2.35880813e-07  2.27039578e-07
  9.46083340e-08  9.99999991e-01  1.49777861e-08  1.66852333e-08
 -3.53309905e-07  1.96364918e-08  3.77120336e-08  1.43542558e-08
  3.53414423e-08  3.55206542e-08  2.74208323e-08  5.96832602e-08
  5.07746575e-08  4.51539555e-08  3.97507116e-08  6.09964512e-08
  5.01811212e-08  5.26892675e-08  4.28992224e-06  5.88902911e-06
  6.76789198e-06  8.82674876e-06  1.01108370e-05  2.77672177e-06
  2.21435172e-06  2.21208184e-06  3.74921969e-03  3.21237272e-05
 -2.59394469e-08  3.56990518e-06 -2.90816158e-08  7.11110746e-06
  2.17361433e-06 -2.89861524e-08 -2.83904645e-08  6.92786535e-06
  7.21788052e-06 -4.42833665e-08 -2.06568198e-08  7.44863160e-06
  8.06588017e-06 -3.88764717e-08 -5.16480810e-08  7.98311731e-06
  1.45293170e-05  1.44721800e-05  1.27055121e-05  8.84382062e-06
 -1.27102741e-04  1.82995382e-05  1.68884617e-05  1.76920912e-05
 -2.75159681e-08  1.59123969e-05  1.38932462e-05 -3.92275601e-08
  1.68296285e-05  2.45048603e-05  2.49026464e-05 -3.36643655e-08
 -3.52089945e-08 -2.93405376e-08 -1.41207151e-06 -1.31475099e-06
 -1.07165187e-06 -9.85230481e-07 -1.06524233e-06 -1.28202504e-06
 -1.46808739e-06 -1.12773647e-06 -3.75777870e-08 -5.43287955e-08
 -1.79780776e-06 -1.37237024e-06 -1.43268031e-06 -4.10720637e-08
 -1.20001220e-06 -1.28958242e-06 -2.80504477e-08 -1.37915066e-06
 -1.67463960e-06 -1.56087955e-06 -1.67841294e-06 -1.01031752e-06
  2.21234115e-05  2.76456866e-05 -5.08683983e-08  6.48432163e-04
  8.39242943e-04 -4.69109537e-08 -5.05032523e-08 -3.12148608e-06
 -1.88163927e-06 -2.76842519e-06 -3.06511442e-06 -5.35471468e-08
 -3.60715243e-08 -2.74343048e-06 -1.64457951e-06 -3.99421532e-08
 -7.54728154e-08 -5.51716359e-08  2.04838978e-05  1.74275935e-05
 -4.12336535e-08 -3.88261373e-08  1.63898412e-05  2.09718185e-05
 -3.84581240e-08 -9.43987871e-07]
