ERROR: Unable to locate a modulefile for 'anaco'
pyscf plugins found in 
/project/lgagliardi/shared/Apps/pyscf
When PYTHONPATH is set, it is recommended to load these plugins through the environment variable PYSCF_EXT_PATH
lasucc_vqe.py:25: NatureDeprecationWarning: The qiskit_nature.converters package is deprecated as of version 0.5.0 and will be removed no sooner than 3 months after the release. Instead use the qiskit_nature.second_q.mappers package.
  from custom_UCC import custom_UCC

Bad key text.latex.preview in file /software/python-anaconda-2020.11-el8-x86_64/lib/python3.8/site-packages/matplotlib/mpl-data/stylelib/_classic_test.mplstyle, line 123 ('text.latex.preview : False')
You probably need to get an updated matplotlibrc file from
https://github.com/matplotlib/matplotlib/blob/v3.7.1/matplotlibrc.template
or from the matplotlib source distribution

Bad key mathtext.fallback_to_cm in file /software/python-anaconda-2020.11-el8-x86_64/lib/python3.8/site-packages/matplotlib/mpl-data/stylelib/_classic_test.mplstyle, line 155 ('mathtext.fallback_to_cm : True  # When True, use symbols from the Computer Modern')
You probably need to get an updated matplotlibrc file from
https://github.com/matplotlib/matplotlib/blob/v3.7.1/matplotlibrc.template
or from the matplotlib source distribution

Bad key savefig.jpeg_quality in file /software/python-anaconda-2020.11-el8-x86_64/lib/python3.8/site-packages/matplotlib/mpl-data/stylelib/_classic_test.mplstyle, line 418 ('savefig.jpeg_quality: 95       # when a jpeg is saved, the default quality parameter.')
You probably need to get an updated matplotlibrc file from
https://github.com/matplotlib/matplotlib/blob/v3.7.1/matplotlibrc.template
or from the matplotlib source distribution

Bad key keymap.all_axes in file /software/python-anaconda-2020.11-el8-x86_64/lib/python3.8/site-packages/matplotlib/mpl-data/stylelib/_classic_test.mplstyle, line 466 ('keymap.all_axes : a                 # enable all axes')
You probably need to get an updated matplotlibrc file from
https://github.com/matplotlib/matplotlib/blob/v3.7.1/matplotlibrc.template
or from the matplotlib source distribution

Bad key animation.avconv_path in file /software/python-anaconda-2020.11-el8-x86_64/lib/python3.8/site-packages/matplotlib/mpl-data/stylelib/_classic_test.mplstyle, line 477 ('animation.avconv_path: avconv     # Path to avconv binary. Without full path')
You probably need to get an updated matplotlibrc file from
https://github.com/matplotlib/matplotlib/blob/v3.7.1/matplotlibrc.template
or from the matplotlib source distribution

Bad key animation.avconv_args in file /software/python-anaconda-2020.11-el8-x86_64/lib/python3.8/site-packages/matplotlib/mpl-data/stylelib/_classic_test.mplstyle, line 479 ('animation.avconv_args:            # Additional arguments to pass to avconv')
You probably need to get an updated matplotlibrc file from
https://github.com/matplotlib/matplotlib/blob/v3.7.1/matplotlibrc.template
or from the matplotlib source distribution
DEBUG:h5py._conv:Creating converter from 5 to 3
INFO:qiskit.compiler.assembler:Total Assembly Time - 0.32353 (ms)
INFO:qiskit.compiler.assembler:Total Assembly Time - 0.08273 (ms)
INFO:qiskit.compiler.assembler:Total Assembly Time - 0.05865 (ms)
INFO:qiskit.compiler.assembler:Total Assembly Time - 0.08249 (ms)
INFO:qiskit.compiler.assembler:Total Assembly Time - 0.05579 (ms)
INFO:qiskit.compiler.assembler:Total Assembly Time - 0.05198 (ms)
INFO:qiskit.compiler.assembler:Total Assembly Time - 0.15974 (ms)
INFO:qiskit.compiler.assembler:Total Assembly Time - 0.05078 (ms)
INFO:qiskit.compiler.assembler:Total Assembly Time - 0.05794 (ms)
INFO:qiskit.compiler.assembler:Total Assembly Time - 0.04864 (ms)
INFO:qiskit.compiler.assembler:Total Assembly Time - 0.05007 (ms)
INFO:qiskit.compiler.assembler:Total Assembly Time - 0.05460 (ms)
DEBUG:qiskit.algorithms.eigensolvers.numpy_eigensolver:NumpyEigensolverResult:
{   'aux_operators_evaluated': None,
    'eigenstates': [   Statevector([ 9.43825690e-17+3.56157642e-19j,
              1.70902606e-17+2.86785910e-17j,
              1.04956428e-17-1.16652579e-17j,
              1.77960056e-17-1.39211691e-18j,
             -9.36466781e-18+3.41128121e-19j,
              6.53918950e-17+8.55104058e-17j,
             -1.66538511e-17-1.89160412e-17j,
              2.40799583e-17-2.15513593e-17j,
              3.45036061e-18+6.04655386e-18j,
              1.13141486e-18+1.46840991e-17j,
             -6.99529716e-18+7.88626339e-18j,
             -1.64294353e-17+4.95324995e-17j,
             -1.56759759e-18+8.35487252e-18j,
             -1.14220178e-17+3.28951644e-17j,
             -4.63705241e-17+8.67423727e-17j,
             -1.70521074e-17-4.43937795e-17j,
              9.28252401e-18-1.02186656e-17j,
             -3.47846698e-17+8.76512120e-18j,
              1.37800647e-19-4.41089612e-18j,
              3.14647977e-17-2.17775099e-17j,
              1.53085380e-17+9.44762417e-17j,
              6.61094323e-16+4.22337679e-16j,
              7.47350327e-17+5.15534377e-17j,
              1.93203403e-16-1.84626713e-16j,
             -1.82800289e-17-4.71121300e-18j,
              1.03012565e-17+3.05982085e-17j,
             -7.20874910e-18+8.52865801e-18j,
              8.76523073e-17-2.43895692e-17j,
             -7.13747469e-17+6.65703529e-17j,
             -1.18661528e-15+6.30492996e-16j,
             -7.97606816e-17-1.05460289e-17j,
              1.10147765e-17+6.52923023e-18j,
             -2.12207404e-17+3.76447199e-18j,
             -1.72739295e-18+6.67758686e-19j,
             -3.05510959e-18+6.93638148e-18j,
              9.28583827e-18-5.71509769e-19j,
             -1.65651158e-17-5.95338559e-18j,
              7.18966887e-17+5.00807167e-17j,
             -1.44655078e-16-3.39727828e-17j,
              7.65602402e-17-9.71839352e-17j,
              1.02079050e-17-1.80530575e-17j,
             -3.88191492e-18+1.80038752e-17j,
              6.98976678e-18-6.47964158e-18j,
             -1.01964992e-17+4.56685605e-19j,
              1.08832992e-16+9.41014174e-17j,
              5.24992849e-17-3.88596155e-17j,
              2.19651579e-16-6.54871165e-17j,
              9.41934185e-18-4.97408319e-17j,
              2.80369541e-17+5.82503185e-18j,
              1.65609519e-17-9.23762420e-18j,
             -2.91854139e-17-9.15921892e-19j,
              2.28548297e-04-2.79247694e-05j,
             -3.43044280e-17+1.31804076e-17j,
             -1.59070262e-04+1.94357186e-05j,
             -5.15692712e-03+6.30090018e-04j,
              5.36981999e-17+2.19024847e-17j,
              5.33395200e-17+8.13493104e-17j,
              2.84971482e-03-3.48187364e-04j,
              6.38602331e-04-7.80264962e-05j,
              6.33499496e-18-2.17762188e-17j,
              4.79698648e-04-5.86111308e-05j,
              3.90944175e-17+1.60677862e-18j,
             -3.78803731e-17-1.79299901e-17j,
             -5.05346896e-18+9.45912635e-18j,
             -1.55642959e-17+2.50624953e-17j,
             -3.61961828e-18-3.33442842e-17j,
             -1.79932316e-17-1.04062565e-21j,
              1.25817750e-17+1.14653454e-17j,
             -4.98475169e-17+3.61044376e-18j,
              8.19760271e-16-5.49975010e-17j,
             -4.38328777e-17+2.06173321e-18j,
              9.42079551e-16-1.79608016e-15j,
              8.97647280e-18-2.74197621e-18j,
              5.26321276e-17-3.71881791e-17j,
              3.01813914e-17-2.40255311e-17j,
             -6.09452674e-17-5.46359619e-17j,
              2.65222590e-18+1.91992769e-19j,
             -1.01249613e-16+1.31460387e-16j,
             -6.44062423e-17-6.99425806e-17j,
              1.07914304e-17+7.22711319e-17j,
              9.52843266e-17-7.00646125e-17j,
             -2.36830563e-16-5.51448382e-16j,
              3.81310368e-17-1.82611666e-18j,
             -1.59070262e-04+1.94357186e-05j,
             -2.43675589e-16-2.57509322e-16j,
             -9.60552343e-01+1.17363389e-01j,
             -2.78888269e-05+3.40754698e-06j,
             -3.49840200e-16-5.67848690e-16j,
             -8.13529494e-17+3.86487991e-17j,
             -3.19071433e-05+3.89851787e-06j,
              4.66815797e-03-5.70370623e-04j,
             -1.58765571e-17+3.94668651e-19j,
              1.81768557e-04-2.22090696e-05j,
              1.73303703e-16-2.32324124e-17j,
             -3.85252865e-17+3.45495040e-17j,
             -4.87642343e-17+7.28754767e-17j,
             -2.06533282e-18+5.36607949e-18j,
             -2.30317550e-17+1.26398172e-17j,
              7.11941918e-17+7.46375886e-17j,
             -5.15692712e-03+6.30090018e-04j,
             -5.93329628e-18-6.46187450e-18j,
             -2.78888269e-05+3.40754698e-06j,
              1.71559503e-01-2.09616944e-02j,
              1.17050285e-19-6.81897963e-17j,
             -2.03661877e-17-4.55546352e-17j,
              4.18845932e-03-5.11759493e-04j,
             -4.83805956e-05+5.91129749e-06j,
              8.53969611e-17+4.62909026e-17j,
             -2.94360073e-03+3.59658648e-04j,
             -1.12377579e-18+3.27726916e-17j,
             -4.93176988e-18+3.81915940e-19j,
              1.93727819e-17+2.48615688e-17j,
             -1.87605440e-17+2.48994289e-18j,
              5.84833586e-17-2.47256203e-16j,
             -8.75398654e-18+2.26459151e-17j,
             -1.96585861e-18+1.01028338e-18j,
             -1.31836033e-16-2.30674657e-15j,
             -6.12104550e-16-9.30744931e-17j,
             -3.43861504e-18+3.20718949e-17j,
              2.27089961e-17+2.72907202e-17j,
              1.64754328e-17+1.59003905e-17j,
             -4.36387984e-17-3.76923106e-18j,
             -1.06349070e-16+6.30863319e-17j,
             -8.33384326e-18-2.54584969e-19j,
             -2.18516821e-17-3.86533510e-17j,
             -6.80321939e-17+7.25156797e-17j,
             -1.33859890e-17+3.74398719e-17j,
              1.72694431e-17+3.71256744e-18j,
              9.33402012e-18+5.99581480e-18j,
             -1.48422700e-17+7.60461891e-18j,
              7.01717953e-18-1.33771971e-17j,
              6.19080795e-17-6.01746905e-17j,
             -1.23752850e-17+4.71355869e-18j,
              9.53760193e-17-2.72792191e-17j,
             -2.09009633e-17+3.86537906e-17j,
             -3.88391963e-17-1.22613116e-17j,
             -3.28061690e-17-1.97330283e-17j,
             -1.63578170e-16+2.61067828e-17j,
             -3.58704944e-18+1.21488895e-18j,
             -2.24521212e-16+3.37832158e-16j,
             -1.14388923e-17-1.42921199e-18j,
             -8.27815950e-17+1.17063823e-16j,
              1.01671956e-17-2.53974994e-17j,
              8.96496757e-17+2.57198313e-17j,
              1.87306890e-17-7.97283360e-18j,
              7.90831442e-18-1.68448283e-17j,
              1.49433080e-17-2.08453077e-17j,
              2.84971482e-03-3.48187364e-04j,
             -6.18587403e-17-2.51034178e-18j,
             -3.19071433e-05+3.89851786e-06j,
              4.18845932e-03-5.11759493e-04j,
             -9.00353550e-18+7.15560075e-17j,
              7.20570094e-17+2.62585579e-17j,
              1.78771817e-01-2.18429182e-02j,
             -1.04836267e-04+1.28092339e-05j,
              9.71248296e-17+1.13753101e-16j,
              5.04866001e-03-6.16861593e-04j,
             -7.93574687e-18-3.94962840e-18j,
              6.50154721e-18+7.51901393e-17j,
              1.43555584e-17-1.71408894e-17j,
             -8.70625563e-18+2.63531535e-18j,
             -3.13673009e-17+2.27889877e-17j,
             -6.71034104e-19+1.18659763e-17j,
              6.38602331e-04-7.80264962e-05j,
             -7.51243316e-18+1.66190145e-17j,
              4.66815797e-03-5.70370623e-04j,
             -4.83805956e-05+5.91129749e-06j,
             -6.88250001e-17-6.17447782e-17j,
              3.25837393e-18+3.08005260e-18j,
             -1.04836267e-04+1.28092339e-05j,
             -3.19307252e-02+3.90139918e-03j,
              4.86889994e-18+4.45361031e-18j,
             -5.01884245e-04+6.13218387e-05j,
              3.92433244e-17-6.31821962e-17j,
              1.07322248e-18+1.45640845e-17j,
              1.98194684e-18-5.25534934e-19j,
              6.93395549e-17+7.31851663e-17j,
             -3.64115762e-17-6.85182920e-17j,
             -7.52510275e-18+1.90721547e-17j,
             -8.76201685e-18-6.21913737e-18j,
              2.73457390e-17-2.78689762e-17j,
             -1.66239358e-17+4.71889854e-18j,
              6.87012163e-17-3.07352048e-17j,
              2.37620157e-17-2.60541716e-18j,
             -1.55961008e-17+4.18393221e-16j,
              7.04917018e-17-2.69531913e-17j,
              4.39886875e-18+1.98029924e-18j,
              4.50734857e-17+5.68740313e-17j,
              5.96049910e-17+6.23983560e-17j,
             -1.96006214e-17+3.20146738e-18j,
              5.97220235e-18-1.28973512e-17j,
              9.29800699e-18-4.88057852e-18j,
             -8.90206187e-18-6.66186011e-18j,
             -6.45973732e-18-4.11502710e-17j,
             -5.04196282e-17+3.18169880e-17j,
              4.79698648e-04-5.86111308e-05j,
              5.73191181e-18+4.98209476e-18j,
              1.81768557e-04-2.22090696e-05j,
             -2.94360073e-03+3.59658648e-04j,
             -1.22873015e-17-6.87920839e-17j,
              1.25225207e-17+6.54240793e-18j,
              5.04866001e-03-6.16861593e-04j,
             -5.01884245e-04+6.13218387e-05j,
             -1.22151516e-17+1.10069651e-16j,
              2.47686439e-04-3.02631294e-05j,
             -5.83650799e-18-2.16150194e-17j,
              1.92484223e-18-1.63595512e-17j,
              7.85975728e-18-1.11237626e-17j,
             -9.06253506e-18+3.52535999e-17j,
             -1.03046334e-15+3.00428924e-15j,
             -3.28772264e-17+4.46217515e-17j,
              1.41897290e-18+8.01172623e-17j,
             -5.29703718e-17+3.14910768e-16j,
              6.21800534e-16-4.19307732e-16j,
              5.84655150e-17-2.89702912e-17j,
             -6.74933774e-17-7.06905615e-17j,
              1.08125273e-16+3.54532918e-17j,
             -7.08438069e-18+4.51135964e-17j,
             -3.86618130e-18-3.41839585e-17j,
             -2.76617143e-17-1.66747813e-17j,
              3.73624333e-17+1.38967838e-17j,
              1.61225046e-17+4.05743228e-17j,
             -1.51615020e-18-5.97642317e-18j,
              5.45382369e-18-1.40617006e-18j,
             -9.02119438e-17-8.27243573e-17j,
             -5.95933498e-17-6.58819574e-17j,
              2.02171868e-16-5.22706933e-16j,
              4.49077573e-17+5.65917914e-17j,
              7.99967343e-17-6.07219429e-17j,
             -7.54578116e-17-1.75291210e-17j,
             -6.48066878e-17+4.56640241e-17j,
             -3.84366202e-17+3.25977518e-17j,
              1.44770601e-17+2.08601583e-18j,
             -3.77408127e-17+5.30969868e-17j,
             -5.40582436e-18+5.94007630e-18j,
              6.58564263e-18+2.94573008e-18j,
             -8.47364449e-18-6.99219715e-19j,
              1.14604457e-17-1.26390387e-17j,
              3.78250919e-17-4.30230346e-17j,
             -2.03849437e-17+1.20715368e-17j,
             -7.75208655e-18+1.08197327e-17j,
             -3.27172542e-17+6.81336136e-19j,
             -2.23369663e-17+6.38617170e-17j,
             -3.96175599e-18-2.19950946e-18j,
             -1.12884754e-17+1.95343374e-18j,
             -6.39836416e-17+6.39833928e-17j,
             -1.29049296e-17-1.52308137e-17j,
              1.10099057e-17-8.01540720e-18j,
             -9.70388950e-17-2.93427391e-17j,
              1.66474188e-17+1.73847077e-17j,
             -4.92139906e-18-8.04190245e-18j,
              1.93411846e-17-4.33887147e-18j,
              1.39027532e-17-8.24716419e-18j,
             -6.92764373e-18-2.40773365e-18j,
             -6.03241636e-18-1.15893438e-18j,
             -8.78454687e-17-4.16720925e-17j],
            dims=(2, 2, 2, 2, 2, 2, 2, 2))],
    'eigenvalues': array([-4.06909875])}
DEBUG:qiskit.algorithms.minimum_eigensolvers.numpy_minimum_eigensolver:NumPy minimum eigensolver result: {   'aux_operators_evaluated': None,
    'eigenstate': Statevector([ 9.43825690e-17+3.56157642e-19j,
              1.70902606e-17+2.86785910e-17j,
              1.04956428e-17-1.16652579e-17j,
              1.77960056e-17-1.39211691e-18j,
             -9.36466781e-18+3.41128121e-19j,
              6.53918950e-17+8.55104058e-17j,
             -1.66538511e-17-1.89160412e-17j,
              2.40799583e-17-2.15513593e-17j,
              3.45036061e-18+6.04655386e-18j,
              1.13141486e-18+1.46840991e-17j,
             -6.99529716e-18+7.88626339e-18j,
             -1.64294353e-17+4.95324995e-17j,
             -1.56759759e-18+8.35487252e-18j,
             -1.14220178e-17+3.28951644e-17j,
             -4.63705241e-17+8.67423727e-17j,
             -1.70521074e-17-4.43937795e-17j,
              9.28252401e-18-1.02186656e-17j,
             -3.47846698e-17+8.76512120e-18j,
              1.37800647e-19-4.41089612e-18j,
              3.14647977e-17-2.17775099e-17j,
              1.53085380e-17+9.44762417e-17j,
              6.61094323e-16+4.22337679e-16j,
              7.47350327e-17+5.15534377e-17j,
              1.93203403e-16-1.84626713e-16j,
             -1.82800289e-17-4.71121300e-18j,
              1.03012565e-17+3.05982085e-17j,
             -7.20874910e-18+8.52865801e-18j,
              8.76523073e-17-2.43895692e-17j,
             -7.13747469e-17+6.65703529e-17j,
             -1.18661528e-15+6.30492996e-16j,
             -7.97606816e-17-1.05460289e-17j,
              1.10147765e-17+6.52923023e-18j,
             -2.12207404e-17+3.76447199e-18j,
             -1.72739295e-18+6.67758686e-19j,
             -3.05510959e-18+6.93638148e-18j,
              9.28583827e-18-5.71509769e-19j,
             -1.65651158e-17-5.95338559e-18j,
              7.18966887e-17+5.00807167e-17j,
             -1.44655078e-16-3.39727828e-17j,
              7.65602402e-17-9.71839352e-17j,
              1.02079050e-17-1.80530575e-17j,
             -3.88191492e-18+1.80038752e-17j,
              6.98976678e-18-6.47964158e-18j,
             -1.01964992e-17+4.56685605e-19j,
              1.08832992e-16+9.41014174e-17j,
              5.24992849e-17-3.88596155e-17j,
              2.19651579e-16-6.54871165e-17j,
              9.41934185e-18-4.97408319e-17j,
              2.80369541e-17+5.82503185e-18j,
              1.65609519e-17-9.23762420e-18j,
             -2.91854139e-17-9.15921892e-19j,
              2.28548297e-04-2.79247694e-05j,
             -3.43044280e-17+1.31804076e-17j,
             -1.59070262e-04+1.94357186e-05j,
             -5.15692712e-03+6.30090018e-04j,
              5.36981999e-17+2.19024847e-17j,
              5.33395200e-17+8.13493104e-17j,
              2.84971482e-03-3.48187364e-04j,
              6.38602331e-04-7.80264962e-05j,
              6.33499496e-18-2.17762188e-17j,
              4.79698648e-04-5.86111308e-05j,
              3.90944175e-17+1.60677862e-18j,
             -3.78803731e-17-1.79299901e-17j,
             -5.05346896e-18+9.45912635e-18j,
             -1.55642959e-17+2.50624953e-17j,
             -3.61961828e-18-3.33442842e-17j,
             -1.79932316e-17-1.04062565e-21j,
              1.25817750e-17+1.14653454e-17j,
             -4.98475169e-17+3.61044376e-18j,
              8.19760271e-16-5.49975010e-17j,
             -4.38328777e-17+2.06173321e-18j,
              9.42079551e-16-1.79608016e-15j,
              8.97647280e-18-2.74197621e-18j,
              5.26321276e-17-3.71881791e-17j,
              3.01813914e-17-2.40255311e-17j,
             -6.09452674e-17-5.46359619e-17j,
              2.65222590e-18+1.91992769e-19j,
             -1.01249613e-16+1.31460387e-16j,
             -6.44062423e-17-6.99425806e-17j,
              1.07914304e-17+7.22711319e-17j,
              9.52843266e-17-7.00646125e-17j,
             -2.36830563e-16-5.51448382e-16j,
              3.81310368e-17-1.82611666e-18j,
             -1.59070262e-04+1.94357186e-05j,
             -2.43675589e-16-2.57509322e-16j,
             -9.60552343e-01+1.17363389e-01j,
             -2.78888269e-05+3.40754698e-06j,
             -3.49840200e-16-5.67848690e-16j,
             -8.13529494e-17+3.86487991e-17j,
             -3.19071433e-05+3.89851787e-06j,
              4.66815797e-03-5.70370623e-04j,
             -1.58765571e-17+3.94668651e-19j,
              1.81768557e-04-2.22090696e-05j,
              1.73303703e-16-2.32324124e-17j,
             -3.85252865e-17+3.45495040e-17j,
             -4.87642343e-17+7.28754767e-17j,
             -2.06533282e-18+5.36607949e-18j,
             -2.30317550e-17+1.26398172e-17j,
              7.11941918e-17+7.46375886e-17j,
             -5.15692712e-03+6.30090018e-04j,
             -5.93329628e-18-6.46187450e-18j,
             -2.78888269e-05+3.40754698e-06j,
              1.71559503e-01-2.09616944e-02j,
              1.17050285e-19-6.81897963e-17j,
             -2.03661877e-17-4.55546352e-17j,
              4.18845932e-03-5.11759493e-04j,
             -4.83805956e-05+5.91129749e-06j,
              8.53969611e-17+4.62909026e-17j,
             -2.94360073e-03+3.59658648e-04j,
             -1.12377579e-18+3.27726916e-17j,
             -4.93176988e-18+3.81915940e-19j,
              1.93727819e-17+2.48615688e-17j,
             -1.87605440e-17+2.48994289e-18j,
              5.84833586e-17-2.47256203e-16j,
             -8.75398654e-18+2.26459151e-17j,
             -1.96585861e-18+1.01028338e-18j,
             -1.31836033e-16-2.30674657e-15j,
             -6.12104550e-16-9.30744931e-17j,
             -3.43861504e-18+3.20718949e-17j,
              2.27089961e-17+2.72907202e-17j,
              1.64754328e-17+1.59003905e-17j,
             -4.36387984e-17-3.76923106e-18j,
             -1.06349070e-16+6.30863319e-17j,
             -8.33384326e-18-2.54584969e-19j,
             -2.18516821e-17-3.86533510e-17j,
             -6.80321939e-17+7.25156797e-17j,
             -1.33859890e-17+3.74398719e-17j,
              1.72694431e-17+3.71256744e-18j,
              9.33402012e-18+5.99581480e-18j,
             -1.48422700e-17+7.60461891e-18j,
              7.01717953e-18-1.33771971e-17j,
              6.19080795e-17-6.01746905e-17j,
             -1.23752850e-17+4.71355869e-18j,
              9.53760193e-17-2.72792191e-17j,
             -2.09009633e-17+3.86537906e-17j,
             -3.88391963e-17-1.22613116e-17j,
             -3.28061690e-17-1.97330283e-17j,
             -1.63578170e-16+2.61067828e-17j,
             -3.58704944e-18+1.21488895e-18j,
             -2.24521212e-16+3.37832158e-16j,
             -1.14388923e-17-1.42921199e-18j,
             -8.27815950e-17+1.17063823e-16j,
              1.01671956e-17-2.53974994e-17j,
              8.96496757e-17+2.57198313e-17j,
              1.87306890e-17-7.97283360e-18j,
              7.90831442e-18-1.68448283e-17j,
              1.49433080e-17-2.08453077e-17j,
              2.84971482e-03-3.48187364e-04j,
             -6.18587403e-17-2.51034178e-18j,
             -3.19071433e-05+3.89851786e-06j,
              4.18845932e-03-5.11759493e-04j,
             -9.00353550e-18+7.15560075e-17j,
              7.20570094e-17+2.62585579e-17j,
              1.78771817e-01-2.18429182e-02j,
             -1.04836267e-04+1.28092339e-05j,
              9.71248296e-17+1.13753101e-16j,
              5.04866001e-03-6.16861593e-04j,
             -7.93574687e-18-3.94962840e-18j,
              6.50154721e-18+7.51901393e-17j,
              1.43555584e-17-1.71408894e-17j,
             -8.70625563e-18+2.63531535e-18j,
             -3.13673009e-17+2.27889877e-17j,
             -6.71034104e-19+1.18659763e-17j,
              6.38602331e-04-7.80264962e-05j,
             -7.51243316e-18+1.66190145e-17j,
              4.66815797e-03-5.70370623e-04j,
             -4.83805956e-05+5.91129749e-06j,
             -6.88250001e-17-6.17447782e-17j,
              3.25837393e-18+3.08005260e-18j,
             -1.04836267e-04+1.28092339e-05j,
             -3.19307252e-02+3.90139918e-03j,
              4.86889994e-18+4.45361031e-18j,
             -5.01884245e-04+6.13218387e-05j,
              3.92433244e-17-6.31821962e-17j,
              1.07322248e-18+1.45640845e-17j,
              1.98194684e-18-5.25534934e-19j,
              6.93395549e-17+7.31851663e-17j,
             -3.64115762e-17-6.85182920e-17j,
             -7.52510275e-18+1.90721547e-17j,
             -8.76201685e-18-6.21913737e-18j,
              2.73457390e-17-2.78689762e-17j,
             -1.66239358e-17+4.71889854e-18j,
              6.87012163e-17-3.07352048e-17j,
              2.37620157e-17-2.60541716e-18j,
             -1.55961008e-17+4.18393221e-16j,
              7.04917018e-17-2.69531913e-17j,
              4.39886875e-18+1.98029924e-18j,
              4.50734857e-17+5.68740313e-17j,
              5.96049910e-17+6.23983560e-17j,
             -1.96006214e-17+3.20146738e-18j,
              5.97220235e-18-1.28973512e-17j,
              9.29800699e-18-4.88057852e-18j,
             -8.90206187e-18-6.66186011e-18j,
             -6.45973732e-18-4.11502710e-17j,
             -5.04196282e-17+3.18169880e-17j,
              4.79698648e-04-5.86111308e-05j,
              5.73191181e-18+4.98209476e-18j,
              1.81768557e-04-2.22090696e-05j,
             -2.94360073e-03+3.59658648e-04j,
             -1.22873015e-17-6.87920839e-17j,
              1.25225207e-17+6.54240793e-18j,
              5.04866001e-03-6.16861593e-04j,
             -5.01884245e-04+6.13218387e-05j,
             -1.22151516e-17+1.10069651e-16j,
              2.47686439e-04-3.02631294e-05j,
             -5.83650799e-18-2.16150194e-17j,
              1.92484223e-18-1.63595512e-17j,
              7.85975728e-18-1.11237626e-17j,
             -9.06253506e-18+3.52535999e-17j,
             -1.03046334e-15+3.00428924e-15j,
             -3.28772264e-17+4.46217515e-17j,
              1.41897290e-18+8.01172623e-17j,
             -5.29703718e-17+3.14910768e-16j,
              6.21800534e-16-4.19307732e-16j,
              5.84655150e-17-2.89702912e-17j,
             -6.74933774e-17-7.06905615e-17j,
              1.08125273e-16+3.54532918e-17j,
             -7.08438069e-18+4.51135964e-17j,
             -3.86618130e-18-3.41839585e-17j,
             -2.76617143e-17-1.66747813e-17j,
              3.73624333e-17+1.38967838e-17j,
              1.61225046e-17+4.05743228e-17j,
             -1.51615020e-18-5.97642317e-18j,
              5.45382369e-18-1.40617006e-18j,
             -9.02119438e-17-8.27243573e-17j,
             -5.95933498e-17-6.58819574e-17j,
              2.02171868e-16-5.22706933e-16j,
              4.49077573e-17+5.65917914e-17j,
              7.99967343e-17-6.07219429e-17j,
             -7.54578116e-17-1.75291210e-17j,
             -6.48066878e-17+4.56640241e-17j,
             -3.84366202e-17+3.25977518e-17j,
              1.44770601e-17+2.08601583e-18j,
             -3.77408127e-17+5.30969868e-17j,
             -5.40582436e-18+5.94007630e-18j,
              6.58564263e-18+2.94573008e-18j,
             -8.47364449e-18-6.99219715e-19j,
              1.14604457e-17-1.26390387e-17j,
              3.78250919e-17-4.30230346e-17j,
             -2.03849437e-17+1.20715368e-17j,
             -7.75208655e-18+1.08197327e-17j,
             -3.27172542e-17+6.81336136e-19j,
             -2.23369663e-17+6.38617170e-17j,
             -3.96175599e-18-2.19950946e-18j,
             -1.12884754e-17+1.95343374e-18j,
             -6.39836416e-17+6.39833928e-17j,
             -1.29049296e-17-1.52308137e-17j,
              1.10099057e-17-8.01540720e-18j,
             -9.70388950e-17-2.93427391e-17j,
              1.66474188e-17+1.73847077e-17j,
             -4.92139906e-18-8.04190245e-18j,
              1.93411846e-17-4.33887147e-18j,
              1.39027532e-17-8.24716419e-18j,
             -6.92764373e-18-2.40773365e-18j,
             -6.03241636e-18-1.15893438e-18j,
             -8.78454687e-17-4.16720925e-17j],
            dims=(2, 2, 2, 2, 2, 2, 2, 2)),
    'eigenvalue': -4.0690987506540965}
DEBUG:custom_UCC:Gathering excitation generators...
DEBUG:custom_UCC:Generating excitation list...
DEBUG:custom_UCC:Checking excitation list...
DEBUG:custom_UCC:Converting excitations into SecondQuantizedOps...
DEBUG:custom_UCC:Converting SecondQuantizedOps into PauliSumOps...
INFO:qiskit.algorithms.minimum_eigensolvers.vqe:Optimization complete in 20188.568885087967 seconds.
Found optimal point [-9.60747284e-20  7.11528741e-20 -3.53663098e-20  1.07821447e-19
 -2.15889291e-19  1.10041732e-19 -2.29011828e-19  1.16683725e-19
  2.00572692e-20  1.07696475e-19  2.58255544e-20  4.32445062e-20
  2.81384354e-20  2.29245178e-20  3.04238884e-20 -6.04349595e-20
 -3.19435603e-20  1.00000000e+00  2.93326280e-25 -2.22579405e-20
  1.00000000e+00  6.91863314e-25 -8.84018876e-24 -4.84356859e-24
  1.00000000e+00 -1.45946936e-23  3.87158524e-23 -2.47436732e-24
  9.88803261e-25 -3.44247466e-23 -4.83219785e-23  3.24471393e-23
 -3.29994214e-25 -1.09261046e-23 -3.64867339e-24  2.64697710e-23
 -7.01741860e-23 -5.95745412e-24 -1.24999959e-01  1.31997685e-24
 -2.93873474e-39  2.63995371e-24  0.00000000e+00 -2.64697694e-23
  1.31997685e-24  0.00000000e+00 -1.24999952e-01  0.00000000e+00
  0.00000000e+00  0.00000000e+00  0.00000000e+00  0.00000000e+00
  0.00000000e+00  0.00000000e+00 -2.43064800e-21 -1.50926115e-21
 -6.35131927e-21 -1.22008656e-20  1.77950312e-20  0.00000000e+00
  0.00000000e+00  0.00000000e+00  0.00000000e+00  0.00000000e+00
  0.00000000e+00  0.00000000e+00  0.00000000e+00  3.18334272e-20
  4.06575666e-20  0.00000000e+00  0.00000000e+00 -1.35525228e-20
  2.09842170e-20  0.00000000e+00  0.00000000e+00 -3.79542540e-20
  8.14589589e-21  0.00000000e+00  0.00000000e+00 -1.35525228e-20
  2.24826762e-37 -2.44017312e-20 -4.67783934e-20 -6.01852875e-36
 -6.01852894e-36 -3.79542540e-20  1.00775527e-04 -2.44017312e-20
  0.00000000e+00 -3.00926438e-36  2.98083564e-20  0.00000000e+00
  3.00926438e-36 -1.35525219e-20  0.00000000e+00  0.00000000e+00
  0.00000000e+00  0.00000000e+00  0.00000000e+00  0.00000000e+00
  0.00000000e+00  0.00000000e+00  0.00000000e+00  0.00000000e+00
  0.00000000e+00  0.00000000e+00  0.00000000e+00  0.00000000e+00
  0.00000000e+00  0.00000000e+00  0.00000000e+00  0.00000000e+00
  0.00000000e+00  0.00000000e+00  0.00000000e+00  0.00000000e+00
  0.00000000e+00  0.00000000e+00  0.00000000e+00  0.00000000e+00
  1.35525219e-20  1.09895628e-04  0.00000000e+00  0.00000000e+00
  0.00000000e+00  0.00000000e+00  0.00000000e+00  0.00000000e+00
  0.00000000e+00  0.00000000e+00  0.00000000e+00  0.00000000e+00
  0.00000000e+00  0.00000000e+00  0.00000000e+00  0.00000000e+00
  0.00000000e+00  0.00000000e+00  0.00000000e+00  0.00000000e+00
  0.00000000e+00  0.00000000e+00  0.00000000e+00  0.00000000e+00
  0.00000000e+00  0.00000000e+00]
